  SoundStream.cpp
  SoundSource.cpp
  SoundRecorder.cpp
  SoundFileWriterWav.cpp
  SoundFileWriterOgg.cpp
  SoundFileWriterFlac.cpp
  SoundFileReaderWav.cpp
  SoundFileReaderOgg.cpp
  SoundFileReaderFlac.cpp
c:\program files (x86)\microsoft visual studio\2017\community\vc\tools\msvc\14.12.25827\include\xutility(2430): warning C4996: 'std::copy::_Unchecked_iterators::_Deprecate': Call to 'std::copy' with parameters that may be unsafe - this call relies on the caller to check that the passed values are correct. To disable this warning, use -D_SCL_SECURE_NO_WARNINGS. See documentation on how to use Visual C++ 'Checked Iterators'
  c:\program files (x86)\microsoft visual studio\2017\community\vc\tools\msvc\14.12.25827\include\xutility(2430): note: see declaration of 'std::copy::_Unchecked_iterators::_Deprecate'
  g:\personal\networked-boids\ext\sfml\src\sfml\audio\soundfilereaderflac.cpp(293): note: see reference to function template instantiation '_OutIt std::copy<std::_Vector_iterator<std::_Vector_val<std::_Simple_types<_Ty>>>,sf::Int16*>(_InIt,_InIt,_OutIt)' being compiled
          with
          [
              _OutIt=sf::Int16 *,
              _Ty=sf::Int16,
              _InIt=std::_Vector_iterator<std::_Vector_val<std::_Simple_types<sf::Int16>>>
          ]
  SoundFileFactory.cpp
  SoundBufferRecorder.cpp
  SoundBuffer.cpp
  Sound.cpp
  OutputSoundFile.cpp
  Music.cpp
  Listener.cpp
  InputSoundFile.cpp
  AudioDevice.cpp
  AlResource.cpp
  ALCheck.cpp
  Generating Code...
  sfml-audio.vcxproj -> G:\Personal\Networked-Boids\ext\build\..\SFML\lib\sfml-audio-s-d.lib
