  ThreadLocalImpl.cpp
  ThreadImpl.cpp
  SleepImpl.cpp
  MutexImpl.cpp
  ClockImpl.cpp
g:\personal\networked-boids\ext\sfml\src\sfml\system\win32\clockimpl.cpp(46): warning C4996: 'GetVersion': was declared deprecated
  c:\program files (x86)\windows kits\8.1\include\um\sysinfoapi.h(110): note: see declaration of 'GetVersion'
  Time.cpp
  ThreadLocal.cpp
  Thread.cpp
  String.cpp
  Sleep.cpp
  Mutex.cpp
  MemoryInputStream.cpp
  Lock.cpp
  FileInputStream.cpp
g:\personal\networked-boids\ext\sfml\src\sfml\system\fileinputstream.cpp(69): warning C4996: 'fopen': This function or variable may be unsafe. Consider using fopen_s instead. To disable deprecation, use _CRT_SECURE_NO_WARNINGS. See online help for details.
  c:\program files (x86)\windows kits\10\include\10.0.10240.0\ucrt\stdio.h(205): note: see declaration of 'fopen'
  Err.cpp
  Clock.cpp
  Generating Code...
  sfml-system.vcxproj -> G:\Personal\Networked-Boids\ext\build\..\SFML\lib\sfml-system-s-d.lib
