  ALCheck.cpp
  AlResource.cpp
  AudioDevice.cpp
  InputSoundFile.cpp
  Listener.cpp
  Music.cpp
  OutputSoundFile.cpp
  Sound.cpp
  SoundBuffer.cpp
  SoundBufferRecorder.cpp
  SoundFileFactory.cpp
  SoundFileReaderFlac.cpp
  SoundFileReaderOgg.cpp
  SoundFileReaderWav.cpp
  SoundFileWriterFlac.cpp
  SoundFileWriterOgg.cpp
  SoundFileWriterWav.cpp
  SoundRecorder.cpp
  SoundSource.cpp
  SoundStream.cpp
  Generating Code...
  sfml-audio.vcxproj -> G:\Personal\Networked-Boids\ext\build\..\SFML\lib\sfml-audio-s-d.lib
