  BlendMode.cpp
  CircleShape.cpp
  Color.cpp
  ConvexShape.cpp
  Font.cpp
  GLCheck.cpp
  GLExtensions.cpp
  GLLoader.cpp
  Glsl.cpp
  Image.cpp
  ImageLoader.cpp
G:\Personal\Networked-Boids\ext\SFML\extlibs\headers\stb_image\stb_image_write.h(233): warning C4996: 'fopen': This function or variable may be unsafe. Consider using fopen_s instead. To disable deprecation, use _CRT_SECURE_NO_WARNINGS. See online help for details.
  C:\Program Files (x86)\Windows Kits\10\Include\10.0.10240.0\ucrt\stdio.h(205): note: see declaration of 'fopen'
G:\Personal\Networked-Boids\ext\SFML\extlibs\headers\stb_image\stb_image_write.h(629): warning C4996: 'sprintf': This function or variable may be unsafe. Consider using sprintf_s instead. To disable deprecation, use _CRT_SECURE_NO_WARNINGS. See online help for details.
  C:\Program Files (x86)\Windows Kits\10\Include\10.0.10240.0\ucrt\stdio.h(1769): note: see declaration of 'sprintf'
G:\Personal\Networked-Boids\ext\SFML\extlibs\headers\stb_image\stb_image_write.h(1013): warning C4996: 'fopen': This function or variable may be unsafe. Consider using fopen_s instead. To disable deprecation, use _CRT_SECURE_NO_WARNINGS. See online help for details.
  C:\Program Files (x86)\Windows Kits\10\Include\10.0.10240.0\ucrt\stdio.h(205): note: see declaration of 'fopen'
  RectangleShape.cpp
  RenderStates.cpp
  RenderTarget.cpp
  RenderTexture.cpp
  RenderTextureImpl.cpp
  RenderTextureImplDefault.cpp
  RenderTextureImplFBO.cpp
  RenderWindow.cpp
  Shader.cpp
  Generating Code...
  Compiling...
  Shape.cpp
  Sprite.cpp
  Text.cpp
  Texture.cpp
  TextureSaver.cpp
  Transform.cpp
  Transformable.cpp
  Vertex.cpp
  VertexArray.cpp
  View.cpp
  Generating Code...
  sfml-graphics.vcxproj -> G:\Personal\Networked-Boids\ext\build\..\SFML\lib\sfml-graphics-s-d.lib
